<?xml version="1.0" encoding="UTF-8"?>
<testng-results ignored="0" total="1" passed="1" failed="0" skipped="0">
  <reporter-output>
  </reporter-output>
  <suite started-at="2025-07-10T10:04:54 IST" name="Default suite" finished-at="2025-07-10T10:05:05 IST" duration-ms="10805">
    <groups>
      <group name="login">
        <method signature="NewoneTest.testcase()[pri:1, instance:browsercommand.NewoneTest@799f10e1]" name="testcase" class="browsercommand.NewoneTest"/>
      </group> <!-- login -->
    </groups>
    <test started-at="2025-07-10T10:04:54 IST" name="Default test" finished-at="2025-07-10T10:05:05 IST" duration-ms="10805">
      <class name="browsercommand.NewoneTest">
        <test-method signature="testcase()[pri:1, instance:browsercommand.NewoneTest@799f10e1]" started-at="2025-07-10T10:04:54 IST" name="testcase" description="newone" finished-at="2025-07-10T10:05:05 IST" duration-ms="10750" status="PASS">
          <reporter-output>
          </reporter-output>
        </test-method> <!-- testcase -->
      </class> <!-- browsercommand.NewoneTest -->
    </test> <!-- Default test -->
  </suite> <!-- Default suite -->
</testng-results>
